<?xml version="1.0" encoding="UTF-8"?>
<!-- Generated by org.testng.reporters.JUnitReportReporter -->
<testsuite name="faecbookTesting.VerifyFacebook" tests="1" time="17.889" ignored="0" failures="0" timestamp="19 Mar 2020 12:04:45 GMT" skipped="0" hostname="DESKTOP-U7TQIQO" errors="0">
  <testcase name="checkValidUser" time="17.889" classname="faecbookTesting.VerifyFacebook"/>
</testsuite> <!-- faecbookTesting.VerifyFacebook -->
