<?xml version="1.0" encoding="UTF-8"?>
<!-- Generated by org.testng.reporters.JUnitReportReporter -->
<testsuite name="faecbookTesting.User" tests="1" time="13.152" ignored="0" failures="0" timestamp="19 Mar 2020 12:23:07 GMT" skipped="0" hostname="DESKTOP-U7TQIQO" errors="0">
  <testcase name="testUser" time="13.152" classname="faecbookTesting.User"/>
</testsuite> <!-- faecbookTesting.User -->
