<?xml version="1.0" encoding="UTF-8"?>
<!-- Generated by org.testng.reporters.JUnitReportReporter -->
<testsuite name="com.sapient.facebook_Testing" tests="1" time="20.289" ignored="0" failures="0" timestamp="12 Mar 2020 14:35:17 GMT" skipped="0" hostname="DESKTOP-U7TQIQO" errors="0">
  <testcase name="TestFacebook" time="20.289" classname="com.sapient.facebook_Testing"/>
</testsuite> <!-- com.sapient.facebook_Testing -->
