<?xml version="1.0" encoding="UTF-8"?>
<!-- Generated by org.testng.reporters.JUnitReportReporter -->
<testsuite name="com.testing.facebook_Testing" tests="1" time="27.834" ignored="0" failures="0" timestamp="14 Mar 2020 08:40:53 GMT" skipped="0" hostname="DESKTOP-U7TQIQO" errors="0">
  <testcase name="TestFacebook" time="27.834" classname="com.testing.facebook_Testing"/>
</testsuite> <!-- com.testing.facebook_Testing -->
