<?xml version="1.0" encoding="UTF-8"?>
<!-- Generated by org.testng.reporters.JUnitReportReporter -->
<testsuite name="com.sapient.com.sapient.testing.facebook_Testing" tests="1" time="28.392" ignored="0" failures="0" timestamp="14 Mar 2020 05:07:17 GMT" skipped="0" hostname="DESKTOP-U7TQIQO" errors="0">
  <testcase name="TestFacebook" time="28.392" classname="com.sapient.com.sapient.testing.facebook_Testing"/>
</testsuite> <!-- com.sapient.com.sapient.testing.facebook_Testing -->
